<?xml version="1.0" encoding="UTF-8"?>
<!-- Generated by org.testng.reporters.JUnitReportReporter -->
<testsuite hostname="DESKTOP-BN3PUO8" failures="0" tests="1" name="uibank.UiBankLogin" time="13.892" errors="0" timestamp="2023-07-02T10:04:37 IST" skipped="0">
  <testcase classname="uibank.UiBankLogin" name="createAcc" time="13.892"/>
  <system-out/>
</testsuite> <!-- uibank.UiBankLogin -->
