<?xml version="1.0" encoding="UTF-8"?>
<!-- Generated by org.testng.reporters.JUnitReportReporter -->
<testsuite hostname="DESKTOP-BN3PUO8" failures="0" tests="1" name="tests.rest.TC001_CreateIncident_NegativeTestcase" time="5.988" errors="0" timestamp="2023-07-29T17:58:51 IST" skipped="0">
  <testcase classname="tests.rest.TC001_CreateIncident_NegativeTestcase" name="createIncident" time="5.988"/>
  <system-out/>
</testsuite> <!-- tests.rest.TC001_CreateIncident_NegativeTestcase -->
