<?xml version="1.0" encoding="UTF-8"?>
<!-- Generated by org.testng.reporters.JUnitReportReporter -->
<testsuite hostname="DESKTOP-BN3PUO8" failures="0" tests="1" name="tests.rest.TC001_CreateIncident_Demo" time="5.964" errors="0" timestamp="2023-10-07T15:46:38 IST" skipped="0">
  <testcase classname="tests.rest.TC001_CreateIncident_Demo" name="createIncident" time="5.964"/>
  <system-out/>
</testsuite> <!-- tests.rest.TC001_CreateIncident_Demo -->
