<?xml version="1.0" encoding="UTF-8"?>
<!-- Generated by org.testng.reporters.JUnitReportReporter -->
<testsuite hostname="DESKTOP-BN3PUO8" failures="0" tests="1" name="mocking.CreateStub" time="2.278" errors="0" timestamp="2023-08-06T13:01:23 IST" skipped="0">
  <testcase classname="mocking.CreateStub" name="create" time="2.278"/>
  <system-out/>
</testsuite> <!-- mocking.CreateStub -->
