<?xml version="1.0" encoding="UTF-8"?>
<!-- Generated by org.testng.reporters.JUnitReportReporter -->
<testsuite hostname="DESKTOP-BN3PUO8" failures="0" tests="1" name="mocking.ResponseFromStub" time="3.675" errors="0" timestamp="2023-08-06T13:03:15 IST" skipped="0">
  <testcase classname="mocking.ResponseFromStub" name="stub" time="3.675"/>
  <system-out/>
</testsuite> <!-- mocking.ResponseFromStub -->
