<?xml version="1.0" encoding="UTF-8"?>
<!-- Generated by org.testng.reporters.JUnitReportReporter -->
<testsuite hostname="DESKTOP-BN3PUO8" failures="0" tests="1" name="cookies.GetAllCookies" time="7.034" errors="0" timestamp="2023-08-06T18:07:16 IST" skipped="0">
  <testcase classname="cookies.GetAllCookies" name="cookies" time="7.034"/>
  <system-out/>
</testsuite> <!-- cookies.GetAllCookies -->
