<?xml version="1.0" encoding="UTF-8"?>
<!-- Generated by org.testng.reporters.JUnitReportReporter -->
<testsuite hostname="DESKTOP-BN3PUO8" failures="1" tests="1" name="mocking.SchemaValidation" time="8.116" errors="0" timestamp="2023-08-05T18:37:56 IST" skipped="0">
  <testcase classname="mocking.SchemaValidation" name="validateSchema" time="8.116">
    <failure message="1 expectation failed.
Response body doesn&#039;t match expectation.
Expected: The content to match the given JSON schema.
error: object has missing required properties ([&quot;active&quot;,&quot;activity_due&quot;,&quot;additional_assignee_list&quot;,&quot;approval&quot;,&quot;approval_history&quot;,&quot;approval_set&quot;,&quot;assigned_to&quot;,&quot;assignment_group&quot;,&quot;business_duration&quot;,&quot;business_impact&quot;,&quot;business_service&quot;,&quot;business_stc&quot;,&quot;calendar_duration&quot;,&quot;calendar_stc&quot;,&quot;caller_id&quot;,&quot;cause&quot;,&quot;caused_by&quot;,&quot;child_incidents&quot;,&quot;close_code&quot;,&quot;close_notes&quot;,&quot;closed_at&quot;,&quot;closed_by&quot;,&quot;cmdb_ci&quot;,&quot;comments&quot;,&quot;comments_and_work_notes&quot;,&quot;company&quot;,&quot;contact_type&quot;,&quot;contract&quot;,&quot;correlation_display&quot;,&quot;correlation_id&quot;,&quot;delivery_plan&quot;,&quot;delivery_task&quot;,&quot;description&quot;,&quot;due_date&quot;,&quot;escalation&quot;,&quot;expected_start&quot;,&quot;follow_up&quot;,&quot;group_list&quot;,&quot;hold_reason&quot;,&quot;impact&quot;,&quot;incident_state&quot;,&quot;knowledge&quot;,&quot;location&quot;,&quot;made_sla&quot;,&quot;notify&quot;,&quot;number&quot;,&quot;opened_at&quot;,&quot;opened_by&quot;,&quot;order&quot;,&quot;origin_id&quot;,&quot;origin_table&quot;,&quot;parent&quot;,&quot;parent_incident&quot;,&quot;priority&quot;,&quot;problem_id&quot;,&quot;reassignment_count&quot;,&quot;reopen_count&quot;,&quot;reopened_by&quot;,&quot;reopened_time&quot;,&quot;resolved_at&quot;,&quot;resolved_by&quot;,&quot;rfc&quot;,&quot;route_reason&quot;,&quot;service_offering&quot;,&quot;severity&quot;,&quot;short_description&quot;,&quot;sla_due&quot;,&quot;state&quot;,&quot;subcategory&quot;,&quot;sys_class_name&quot;,&quot;sys_created_by&quot;,&quot;sys_created_on&quot;,&quot;sys_domain&quot;,&quot;sys_domain_path&quot;,&quot;sys_mod_count&quot;,&quot;sys_tags&quot;,&quot;sys_updated_by&quot;,&quot;sys_updated_on&quot;,&quot;task_effective_number&quot;,&quot;time_worked&quot;,&quot;universal_request&quot;,&quot;upon_approval&quot;,&quot;upon_reject&quot;,&quot;urgency&quot;,&quot;user_input&quot;,&quot;watch_list&quot;,&quot;work_end&quot;,&quot;work_notes&quot;,&quot;work_notes_list&quot;,&quot;work_start&quot;])
    level: &quot;error&quot;
    schema: {&quot;loadingURI&quot;:&quot;#&quot;,&quot;pointer&quot;:&quot;/properties/result&quot;}
    instance: {&quot;pointer&quot;:&quot;/result&quot;}
    domain: &quot;validation&quot;
    keyword: &quot;required&quot;
    required: [&quot;active&quot;,&quot;activity_due&quot;,&quot;additional_assignee_list&quot;,&quot;approval&quot;,&quot;approval_history&quot;,&quot;approval_set&quot;,&quot;assigned_to&quot;,&quot;assignment_group&quot;,&quot;business_duration&quot;,&quot;business_impact&quot;,&quot;business_service&quot;,&quot;business_stc&quot;,&quot;calendar_duration&quot;,&quot;calendar_stc&quot;,&quot;caller_id&quot;,&quot;category&quot;,&quot;cause&quot;,&quot;caused_by&quot;,&quot;child_incidents&quot;,&quot;close_code&quot;,&quot;close_notes&quot;,&quot;closed_at&quot;,&quot;closed_by&quot;,&quot;cmdb_ci&quot;,&quot;comments&quot;,&quot;comments_and_work_notes&quot;,&quot;company&quot;,&quot;contact_type&quot;,&quot;contract&quot;,&quot;correlation_display&quot;,&quot;correlation_id&quot;,&quot;delivery_plan&quot;,&quot;delivery_task&quot;,&quot;description&quot;,&quot;due_date&quot;,&quot;escalation&quot;,&quot;expected_start&quot;,&quot;follow_up&quot;,&quot;group_list&quot;,&quot;hold_reason&quot;,&quot;impact&quot;,&quot;incident_state&quot;,&quot;knowledge&quot;,&quot;location&quot;,&quot;made_sla&quot;,&quot;notify&quot;,&quot;number&quot;,&quot;opened_at&quot;,&quot;opened_by&quot;,&quot;order&quot;,&quot;origin_id&quot;,&quot;origin_table&quot;,&quot;parent&quot;,&quot;parent_incident&quot;,&quot;priority&quot;,&quot;problem_id&quot;,&quot;reassignment_count&quot;,&quot;reopen_count&quot;,&quot;reopened_by&quot;,&quot;reopened_time&quot;,&quot;resolved_at&quot;,&quot;resolved_by&quot;,&quot;rfc&quot;,&quot;route_reason&quot;,&quot;service_offering&quot;,&quot;severity&quot;,&quot;short_description&quot;,&quot;sla_due&quot;,&quot;state&quot;,&quot;subcategory&quot;,&quot;sys_class_name&quot;,&quot;sys_created_by&quot;,&quot;sys_created_on&quot;,&quot;sys_domain&quot;,&quot;sys_domain_path&quot;,&quot;sys_id&quot;,&quot;sys_mod_count&quot;,&quot;sys_tags&quot;,&quot;sys_updated_by&quot;,&quot;sys_updated_on&quot;,&quot;task_effective_number&quot;,&quot;time_worked&quot;,&quot;universal_request&quot;,&quot;upon_approval&quot;,&quot;upon_reject&quot;,&quot;urgency&quot;,&quot;user_input&quot;,&quot;watch_list&quot;,&quot;work_end&quot;,&quot;work_notes&quot;,&quot;work_notes_list&quot;,&quot;work_start&quot;]
    missing: [&quot;active&quot;,&quot;activity_due&quot;,&quot;additional_assignee_list&quot;,&quot;approval&quot;,&quot;approval_history&quot;,&quot;approval_set&quot;,&quot;assigned_to&quot;,&quot;assignment_group&quot;,&quot;business_duration&quot;,&quot;business_impact&quot;,&quot;business_service&quot;,&quot;business_stc&quot;,&quot;calendar_duration&quot;,&quot;calendar_stc&quot;,&quot;caller_id&quot;,&quot;cause&quot;,&quot;caused_by&quot;,&quot;child_incidents&quot;,&quot;close_code&quot;,&quot;close_notes&quot;,&quot;closed_at&quot;,&quot;closed_by&quot;,&quot;cmdb_ci&quot;,&quot;comments&quot;,&quot;comments_and_work_notes&quot;,&quot;company&quot;,&quot;contact_type&quot;,&quot;contract&quot;,&quot;correlation_display&quot;,&quot;correlation_id&quot;,&quot;delivery_plan&quot;,&quot;delivery_task&quot;,&quot;description&quot;,&quot;due_date&quot;,&quot;escalation&quot;,&quot;expected_start&quot;,&quot;follow_up&quot;,&quot;group_list&quot;,&quot;hold_reason&quot;,&quot;impact&quot;,&quot;incident_state&quot;,&quot;knowledge&quot;,&quot;location&quot;,&quot;made_sla&quot;,&quot;notify&quot;,&quot;number&quot;,&quot;opened_at&quot;,&quot;opened_by&quot;,&quot;order&quot;,&quot;origin_id&quot;,&quot;origin_table&quot;,&quot;parent&quot;,&quot;parent_incident&quot;,&quot;priority&quot;,&quot;problem_id&quot;,&quot;reassignment_count&quot;,&quot;reopen_count&quot;,&quot;reopened_by&quot;,&quot;reopened_time&quot;,&quot;resolved_at&quot;,&quot;resolved_by&quot;,&quot;rfc&quot;,&quot;route_reason&quot;,&quot;service_offering&quot;,&quot;severity&quot;,&quot;short_description&quot;,&quot;sla_due&quot;,&quot;state&quot;,&quot;subcategory&quot;,&quot;sys_class_name&quot;,&quot;sys_created_by&quot;,&quot;sys_created_on&quot;,&quot;sys_domain&quot;,&quot;sys_domain_path&quot;,&quot;sys_mod_count&quot;,&quot;sys_tags&quot;,&quot;sys_updated_by&quot;,&quot;sys_updated_on&quot;,&quot;task_effective_number&quot;,&quot;time_worked&quot;,&quot;universal_request&quot;,&quot;upon_approval&quot;,&quot;upon_reject&quot;,&quot;urgency&quot;,&quot;user_input&quot;,&quot;watch_list&quot;,&quot;work_end&quot;,&quot;work_notes&quot;,&quot;work_notes_list&quot;,&quot;work_start&quot;]

  Actual: {&quot;result&quot;:{&quot;sys_id&quot;:&quot;c02bb6982f60311081e256f62799b6d6&quot;,&quot;category&quot;:&quot;inquiry&quot;}}
" type="java.lang.AssertionError">
      <![CDATA[java.lang.AssertionError: 1 expectation failed.
Response body doesn't match expectation.
Expected: The content to match the given JSON schema.
error: object has missing required properties (["active","activity_due","additional_assignee_list","approval","approval_history","approval_set","assigned_to","assignment_group","business_duration","business_impact","business_service","business_stc","calendar_duration","calendar_stc","caller_id","cause","caused_by","child_incidents","close_code","close_notes","closed_at","closed_by","cmdb_ci","comments","comments_and_work_notes","company","contact_type","contract","correlation_display","correlation_id","delivery_plan","delivery_task","description","due_date","escalation","expected_start","follow_up","group_list","hold_reason","impact","incident_state","knowledge","location","made_sla","notify","number","opened_at","opened_by","order","origin_id","origin_table","parent","parent_incident","priority","problem_id","reassignment_count","reopen_count","reopened_by","reopened_time","resolved_at","resolved_by","rfc","route_reason","service_offering","severity","short_description","sla_due","state","subcategory","sys_class_name","sys_created_by","sys_created_on","sys_domain","sys_domain_path","sys_mod_count","sys_tags","sys_updated_by","sys_updated_on","task_effective_number","time_worked","universal_request","upon_approval","upon_reject","urgency","user_input","watch_list","work_end","work_notes","work_notes_list","work_start"])
    level: "error"
    schema: {"loadingURI":"#","pointer":"/properties/result"}
    instance: {"pointer":"/result"}
    domain: "validation"
    keyword: "required"
    required: ["active","activity_due","additional_assignee_list","approval","approval_history","approval_set","assigned_to","assignment_group","business_duration","business_impact","business_service","business_stc","calendar_duration","calendar_stc","caller_id","category","cause","caused_by","child_incidents","close_code","close_notes","closed_at","closed_by","cmdb_ci","comments","comments_and_work_notes","company","contact_type","contract","correlation_display","correlation_id","delivery_plan","delivery_task","description","due_date","escalation","expected_start","follow_up","group_list","hold_reason","impact","incident_state","knowledge","location","made_sla","notify","number","opened_at","opened_by","order","origin_id","origin_table","parent","parent_incident","priority","problem_id","reassignment_count","reopen_count","reopened_by","reopened_time","resolved_at","resolved_by","rfc","route_reason","service_offering","severity","short_description","sla_due","state","subcategory","sys_class_name","sys_created_by","sys_created_on","sys_domain","sys_domain_path","sys_id","sys_mod_count","sys_tags","sys_updated_by","sys_updated_on","task_effective_number","time_worked","universal_request","upon_approval","upon_reject","urgency","user_input","watch_list","work_end","work_notes","work_notes_list","work_start"]
    missing: ["active","activity_due","additional_assignee_list","approval","approval_history","approval_set","assigned_to","assignment_group","business_duration","business_impact","business_service","business_stc","calendar_duration","calendar_stc","caller_id","cause","caused_by","child_incidents","close_code","close_notes","closed_at","closed_by","cmdb_ci","comments","comments_and_work_notes","company","contact_type","contract","correlation_display","correlation_id","delivery_plan","delivery_task","description","due_date","escalation","expected_start","follow_up","group_list","hold_reason","impact","incident_state","knowledge","location","made_sla","notify","number","opened_at","opened_by","order","origin_id","origin_table","parent","parent_incident","priority","problem_id","reassignment_count","reopen_count","reopened_by","reopened_time","resolved_at","resolved_by","rfc","route_reason","service_offering","severity","short_description","sla_due","state","subcategory","sys_class_name","sys_created_by","sys_created_on","sys_domain","sys_domain_path","sys_mod_count","sys_tags","sys_updated_by","sys_updated_on","task_effective_number","time_worked","universal_request","upon_approval","upon_reject","urgency","user_input","watch_list","work_end","work_notes","work_notes_list","work_start"]

  Actual: {"result":{"sys_id":"c02bb6982f60311081e256f62799b6d6","category":"inquiry"}}

at java.base/jdk.internal.reflect.NativeConstructorAccessorImpl.newInstance0(Native Method)
at java.base/jdk.internal.reflect.NativeConstructorAccessorImpl.newInstance(NativeConstructorAccessorImpl.java:77)
at java.base/jdk.internal.reflect.DelegatingConstructorAccessorImpl.newInstance(DelegatingConstructorAccessorImpl.java:45)
at java.base/java.lang.reflect.Constructor.newInstanceWithCaller(Constructor.java:499)
at java.base/java.lang.reflect.Constructor.newInstance(Constructor.java:480)
at org.codehaus.groovy.reflection.CachedConstructor.invoke(CachedConstructor.java:73)
at org.codehaus.groovy.runtime.callsite.ConstructorSite$ConstructorSiteNoUnwrapNoCoerce.callConstructor(ConstructorSite.java:108)
at org.codehaus.groovy.runtime.callsite.CallSiteArray.defaultCallConstructor(CallSiteArray.java:57)
at org.codehaus.groovy.runtime.callsite.AbstractCallSite.callConstructor(AbstractCallSite.java:263)
at org.codehaus.groovy.runtime.callsite.AbstractCallSite.callConstructor(AbstractCallSite.java:277)
at io.restassured.internal.ResponseSpecificationImpl$HamcrestAssertionClosure.validate(ResponseSpecificationImpl.groovy:512)
at io.restassured.internal.ResponseSpecificationImpl$HamcrestAssertionClosure$validate$1.call(Unknown Source)
at org.codehaus.groovy.runtime.callsite.CallSiteArray.defaultCall(CallSiteArray.java:45)
at org.codehaus.groovy.runtime.callsite.AbstractCallSite.call(AbstractCallSite.java:125)
at org.codehaus.groovy.runtime.callsite.AbstractCallSite.call(AbstractCallSite.java:139)
at io.restassured.internal.ResponseSpecificationImpl.validateResponseIfRequired(ResponseSpecificationImpl.groovy:696)
at io.restassured.internal.ResponseSpecificationImpl.this$2$validateResponseIfRequired(ResponseSpecificationImpl.groovy)
at java.base/jdk.internal.reflect.NativeMethodAccessorImpl.invoke0(Native Method)
at java.base/jdk.internal.reflect.NativeMethodAccessorImpl.invoke(NativeMethodAccessorImpl.java:77)
at java.base/jdk.internal.reflect.DelegatingMethodAccessorImpl.invoke(DelegatingMethodAccessorImpl.java:43)
at java.base/java.lang.reflect.Method.invoke(Method.java:568)
at org.codehaus.groovy.runtime.callsite.PlainObjectMetaMethodSite.doInvoke(PlainObjectMetaMethodSite.java:43)
at org.codehaus.groovy.runtime.callsite.PogoMetaMethodSite$PogoCachedMethodSiteNoUnwrapNoCoerce.invoke(PogoMetaMethodSite.java:198)
at org.codehaus.groovy.runtime.callsite.PogoMetaMethodSite.callCurrent(PogoMetaMethodSite.java:62)
at org.codehaus.groovy.runtime.callsite.CallSiteArray.defaultCallCurrent(CallSiteArray.java:49)
at org.codehaus.groovy.runtime.callsite.AbstractCallSite.callCurrent(AbstractCallSite.java:171)
at org.codehaus.groovy.runtime.callsite.AbstractCallSite.callCurrent(AbstractCallSite.java:185)
at io.restassured.internal.ResponseSpecificationImpl.body(ResponseSpecificationImpl.groovy:107)
at io.restassured.internal.ValidatableResponseOptionsImpl.body(ValidatableResponseOptionsImpl.java:238)
at mocking.SchemaValidation.validateSchema(SchemaValidation.java:35)
at java.base/jdk.internal.reflect.NativeMethodAccessorImpl.invoke0(Native Method)
at java.base/jdk.internal.reflect.NativeMethodAccessorImpl.invoke(NativeMethodAccessorImpl.java:77)
at java.base/jdk.internal.reflect.DelegatingMethodAccessorImpl.invoke(DelegatingMethodAccessorImpl.java:43)
at java.base/java.lang.reflect.Method.invoke(Method.java:568)
at org.testng.internal.invokers.MethodInvocationHelper.invokeMethod(MethodInvocationHelper.java:135)
at org.testng.internal.invokers.TestInvoker.invokeMethod(TestInvoker.java:673)
at org.testng.internal.invokers.TestInvoker.invokeTestMethod(TestInvoker.java:220)
at org.testng.internal.invokers.MethodRunner.runInSequence(MethodRunner.java:50)
at org.testng.internal.invokers.TestInvoker$MethodInvocationAgent.invoke(TestInvoker.java:945)
at org.testng.internal.invokers.TestInvoker.invokeTestMethods(TestInvoker.java:193)
at org.testng.internal.invokers.TestMethodWorker.invokeTestMethods(TestMethodWorker.java:146)
at org.testng.internal.invokers.TestMethodWorker.run(TestMethodWorker.java:128)
at java.base/java.util.ArrayList.forEach(ArrayList.java:1511)
at org.testng.TestRunner.privateRun(TestRunner.java:808)
at org.testng.TestRunner.run(TestRunner.java:603)
at org.testng.SuiteRunner.runTest(SuiteRunner.java:429)
at org.testng.SuiteRunner.runSequentially(SuiteRunner.java:423)
at org.testng.SuiteRunner.privateRun(SuiteRunner.java:383)
at org.testng.SuiteRunner.run(SuiteRunner.java:326)
at org.testng.SuiteRunnerWorker.runSuite(SuiteRunnerWorker.java:52)
at org.testng.SuiteRunnerWorker.run(SuiteRunnerWorker.java:95)
at org.testng.TestNG.runSuitesSequentially(TestNG.java:1249)
at org.testng.TestNG.runSuitesLocally(TestNG.java:1169)
at org.testng.TestNG.runSuites(TestNG.java:1092)
at org.testng.TestNG.run(TestNG.java:1060)
at org.testng.remote.AbstractRemoteTestNG.run(AbstractRemoteTestNG.java:115)
at org.testng.remote.RemoteTestNG.initAndRun(RemoteTestNG.java:251)
at org.testng.remote.RemoteTestNG.main(RemoteTestNG.java:77)
]]>
    </failure>
  </testcase> <!-- validateSchema -->
  <system-out/>
</testsuite> <!-- mocking.SchemaValidation -->
