<?xml version="1.0" encoding="UTF-8"?>
<!-- Generated by org.testng.reporters.JUnitReportReporter -->
<testsuite hostname="DESKTOP-BN3PUO8" failures="0" tests="1" name="mocking.MockRecording" time="4.818" errors="0" timestamp="2023-08-06T13:36:39 IST" skipped="0">
  <testcase classname="mocking.MockRecording" name="record" time="4.818"/>
  <system-out/>
</testsuite> <!-- mocking.MockRecording -->
