<?xml version="1.0" encoding="UTF-8"?>
<!-- Generated by org.testng.reporters.JUnitReportReporter -->
<testsuite hostname="DESKTOP-BN3PUO8" failures="0" tests="1" name="mocking.CreateStub2" time="1.497" errors="0" timestamp="2023-08-06T01:31:52 IST" skipped="0">
  <testcase classname="mocking.CreateStub2" name="create" time="1.497"/>
  <system-out/>
</testsuite> <!-- mocking.CreateStub2 -->
