<?xml version="1.0" encoding="UTF-8"?>
<!-- Generated by org.testng.reporters.JUnitReportReporter -->
<testsuite hostname="DESKTOP-BN3PUO8" failures="0" tests="1" name="mocking.DynamicTemplating" time="3.232" errors="0" timestamp="2023-08-05T18:07:41 IST" skipped="0">
  <testcase classname="mocking.DynamicTemplating" name="templating" time="3.232"/>
  <system-out/>
</testsuite> <!-- mocking.DynamicTemplating -->
