<?xml version="1.0" encoding="UTF-8"?>
<!-- Generated by org.testng.reporters.JUnitReportReporter -->
<testsuite hostname="DESKTOP-BN3PUO8" failures="0" tests="1" name="uibank.CreateAccount" time="8.413" errors="0" timestamp="2023-07-30T16:42:43 IST" skipped="0">
  <testcase classname="uibank.CreateAccount" name="create" time="8.413"/>
  <system-out/>
</testsuite> <!-- uibank.CreateAccount -->
