<?xml version="1.0" encoding="UTF-8"?>
<!-- Generated by org.testng.reporters.JUnitReportReporter -->
<testsuite hostname="DESKTOP-BN3PUO8" failures="0" tests="1" name="cookies.UseCookies" time="6.397" errors="0" timestamp="2023-08-06T18:14:03 IST" skipped="0">
  <testcase classname="cookies.UseCookies" name="cookiesForAuth" time="6.397"/>
  <system-out/>
</testsuite> <!-- cookies.UseCookies -->
