<?xml version="1.0" encoding="UTF-8"?>
<!-- Generated by org.testng.reporters.JUnitReportReporter -->
<testsuite hostname="DESKTOP-BN3PUO8" failures="0" tests="1" name="tests.rest.TC001_UiBank_CreateAccount" time="6.927" errors="0" timestamp="2023-07-30T16:53:00 IST" skipped="0">
  <testcase classname="tests.rest.TC001_UiBank_CreateAccount" name="createIncident" time="6.927"/>
  <system-out/>
</testsuite> <!-- tests.rest.TC001_UiBank_CreateAccount -->
