<?xml version="1.0" encoding="UTF-8"?>
<!-- Generated by org.testng.reporters.JUnitReportReporter -->
<testsuite hostname="DESKTOP-BN3PUO8" failures="0" tests="1" name="tests.rest.TC002_CreateIncident_Test" time="9.730" errors="0" timestamp="2023-07-01T11:09:50 IST" skipped="0">
  <testcase classname="tests.rest.TC002_CreateIncident_Test" name="createIncident" time="9.730"/>
  <system-out/>
</testsuite> <!-- tests.rest.TC002_CreateIncident_Test -->
