<?xml version="1.0" encoding="UTF-8"?>
<!-- Generated by org.testng.reporters.JUnitReportReporter -->
<testsuite hostname="DESKTOP-BN3PUO8" failures="0" tests="1" name="mocking.GetResponseFromStub" time="3.565" errors="0" timestamp="2023-08-06T12:52:08 IST" skipped="0">
  <testcase classname="mocking.GetResponseFromStub" name="stub" time="3.565"/>
  <system-out/>
</testsuite> <!-- mocking.GetResponseFromStub -->
