<?xml version="1.0" encoding="UTF-8"?>
<!-- Generated by org.testng.reporters.JUnitReportReporter -->
<testsuite skipped="0" hostname="DESKTOP-BN3PUO8" name="tests.rest.TC001_CreateIncident_NegativeTestcase" tests="1" failures="0" timestamp="2023-10-07T15:47:28 IST" time="3.523" errors="0">
  <testcase name="createIncident" time="3.523" classname="tests.rest.TC001_CreateIncident_NegativeTestcase"/>
  <system-out/>
</testsuite> <!-- tests.rest.TC001_CreateIncident_NegativeTestcase -->
