<?xml version="1.0" encoding="UTF-8"?>
<!-- Generated by org.testng.reporters.JUnitReportReporter -->
<testsuite hostname="Ramanathans-MacBook-Air.local" failures="0" tests="1" name="tests.rest.TC001_CreateIncident_Demo" time="1.893" errors="0" timestamp="2023-10-08T11:05:14 IST" skipped="0">
  <testcase classname="tests.rest.TC001_CreateIncident_Demo" name="createIncident" time="1.893"/>
  <system-out/>
</testsuite> <!-- tests.rest.TC001_CreateIncident_Demo -->
