<?xml version="1.0" encoding="UTF-8"?>
<!-- Generated by org.testng.reporters.JUnitReportReporter -->
<testsuite hostname="Ramanathans-MacBook-Air.local" failures="0" tests="1" name="tests.rest.TC002_UpdateIncident" time="0.698" errors="0" timestamp="2023-10-08T13:42:09 IST" skipped="0">
  <testcase classname="tests.rest.TC002_UpdateIncident" name="updateIncident" time="0.698"/>
  <system-out/>
</testsuite> <!-- tests.rest.TC002_UpdateIncident -->
