<?xml version="1.0" encoding="UTF-8"?>
<!-- Generated by org.testng.reporters.JUnitReportReporter -->
<testsuite hostname="Ramanathans-MacBook-Air.local" failures="0" tests="1" name="tests.rest.TC001_CreateIncident" time="1.825" errors="0" timestamp="2023-10-08T13:42:09 IST" skipped="0">
  <testcase classname="tests.rest.TC001_CreateIncident" name="createIncident" time="1.825"/>
  <system-out/>
</testsuite> <!-- tests.rest.TC001_CreateIncident -->
